2017-04-19 10:55:54.034  INFO 4272 --- [main] Application                              : Starting Application on DESKTOP-180I6SH with PID 4272 (D:\work-space\java-workspace\springboot-1-1\target\classes started by xialeme in D:\work-space\java-workspace\springboot-1-1)
2017-04-19 10:55:54.038  INFO 4272 --- [main] Application                              : No profiles are active
2017-04-19 10:55:54.141  INFO 4272 --- [main] ationConfigEmbeddedWebApplicationContext : Refreshing org.springframework.boot.context.embedded.AnnotationConfigEmbeddedWebApplicationContext@27fe3806: startup date [Wed Apr 19 10:55:54 CST 2017]; root of context hierarchy
2017-04-19 10:55:54.180  WARN 4272 --- [main] ionWarningsApplicationContextInitializer : 

** WARNING ** : Your ApplicationContext is unlikely to start due to a @ComponentScan of the default package.


2017-04-19 10:56:03.245  INFO 6028 --- [main] Application                              : Starting Application on DESKTOP-180I6SH with PID 6028 (D:\work-space\java-workspace\springboot-1-1\target\classes started by xialeme in D:\work-space\java-workspace\springboot-1-1)
2017-04-19 10:56:03.248  INFO 6028 --- [main] Application                              : No profiles are active
2017-04-19 10:56:03.339  INFO 6028 --- [main] ationConfigEmbeddedWebApplicationContext : Refreshing org.springframework.boot.context.embedded.AnnotationConfigEmbeddedWebApplicationContext@27fe3806: startup date [Wed Apr 19 10:56:03 CST 2017]; root of context hierarchy
2017-04-19 10:56:03.357  WARN 6028 --- [main] ionWarningsApplicationContextInitializer : 

** WARNING ** : Your ApplicationContext is unlikely to start due to a @ComponentScan of the default package.


2017-04-19 10:56:04.387  WARN 6028 --- [main] ationConfigEmbeddedWebApplicationContext : Exception encountered during context initialization - cancelling refresh attempt: org.springframework.beans.factory.BeanDefinitionStoreException: Failed to read candidate component class: URL [jar:file:/D:/work-space/repository/org/springframework/boot/spring-boot-autoconfigure/1.3.0.RELEASE/spring-boot-autoconfigure-1.3.0.RELEASE.jar!/org/springframework/boot/autoconfigure/jdbc/DataSourceAutoConfiguration$JdbcTemplateConfiguration.class]; nested exception is java.lang.IllegalStateException: Could not evaluate condition on org.springframework.boot.autoconfigure.jdbc.DataSourceAutoConfiguration$JdbcTemplateConfiguration due to internal class not found. This can happen if you are @ComponentScanning a springframework package (e.g. if you put a @ComponentScan in the default package by mistake)
2017-04-19 10:56:04.389  INFO 6028 --- [main] .b.l.ClasspathLoggingApplicationListener : Application failed to start with classpath: [file:/D:/work-space/java-workspace/springboot-1-1/target/classes/, file:/D:/work-space/repository/org/springframework/boot/spring-boot-starter-web/1.3.0.RELEASE/spring-boot-starter-web-1.3.0.RELEASE.jar, file:/D:/work-space/repository/org/springframework/boot/spring-boot-starter/1.3.0.RELEASE/spring-boot-starter-1.3.0.RELEASE.jar, file:/D:/work-space/repository/org/springframework/boot/spring-boot/1.3.0.RELEASE/spring-boot-1.3.0.RELEASE.jar, file:/D:/work-space/repository/org/springframework/boot/spring-boot-autoconfigure/1.3.0.RELEASE/spring-boot-autoconfigure-1.3.0.RELEASE.jar, file:/D:/work-space/repository/org/springframework/boot/spring-boot-starter-logging/1.3.0.RELEASE/spring-boot-starter-logging-1.3.0.RELEASE.jar, file:/D:/work-space/repository/ch/qos/logback/logback-classic/1.1.3/logback-classic-1.1.3.jar, file:/D:/work-space/repository/ch/qos/logback/logback-core/1.1.3/logback-core-1.1.3.jar, file:/D:/work-space/repository/org/slf4j/jcl-over-slf4j/1.7.13/jcl-over-slf4j-1.7.13.jar, file:/D:/work-space/repository/org/slf4j/jul-to-slf4j/1.7.13/jul-to-slf4j-1.7.13.jar, file:/D:/work-space/repository/org/slf4j/log4j-over-slf4j/1.7.13/log4j-over-slf4j-1.7.13.jar, file:/D:/work-space/repository/org/yaml/snakeyaml/1.16/snakeyaml-1.16.jar, file:/D:/work-space/repository/org/springframework/boot/spring-boot-starter-tomcat/1.3.0.RELEASE/spring-boot-starter-tomcat-1.3.0.RELEASE.jar, file:/D:/work-space/repository/org/apache/tomcat/embed/tomcat-embed-core/8.0.28/tomcat-embed-core-8.0.28.jar, file:/D:/work-space/repository/org/apache/tomcat/embed/tomcat-embed-el/8.0.28/tomcat-embed-el-8.0.28.jar, file:/D:/work-space/repository/org/apache/tomcat/embed/tomcat-embed-logging-juli/8.0.28/tomcat-embed-logging-juli-8.0.28.jar, file:/D:/work-space/repository/org/apache/tomcat/embed/tomcat-embed-websocket/8.0.28/tomcat-embed-websocket-8.0.28.jar, file:/D:/work-space/repository/org/springframework/boot/spring-boot-starter-validation/1.3.0.RELEASE/spring-boot-starter-validation-1.3.0.RELEASE.jar, file:/D:/work-space/repository/org/hibernate/hibernate-validator/5.2.2.Final/hibernate-validator-5.2.2.Final.jar, file:/D:/work-space/repository/javax/validation/validation-api/1.1.0.Final/validation-api-1.1.0.Final.jar, file:/D:/work-space/repository/org/jboss/logging/jboss-logging/3.3.0.Final/jboss-logging-3.3.0.Final.jar, file:/D:/work-space/repository/com/fasterxml/jackson/core/jackson-databind/2.6.3/jackson-databind-2.6.3.jar, file:/D:/work-space/repository/com/fasterxml/jackson/core/jackson-annotations/2.6.3/jackson-annotations-2.6.3.jar, file:/D:/work-space/repository/com/fasterxml/jackson/core/jackson-core/2.6.3/jackson-core-2.6.3.jar, file:/D:/work-space/repository/org/springframework/spring-web/4.2.3.RELEASE/spring-web-4.2.3.RELEASE.jar, file:/D:/work-space/repository/org/springframework/spring-aop/4.2.3.RELEASE/spring-aop-4.2.3.RELEASE.jar, file:/D:/work-space/repository/aopalliance/aopalliance/1.0/aopalliance-1.0.jar, file:/D:/work-space/repository/org/springframework/spring-beans/4.2.3.RELEASE/spring-beans-4.2.3.RELEASE.jar, file:/D:/work-space/repository/org/springframework/spring-context/4.2.3.RELEASE/spring-context-4.2.3.RELEASE.jar, file:/D:/work-space/repository/org/springframework/spring-webmvc/4.2.3.RELEASE/spring-webmvc-4.2.3.RELEASE.jar, file:/D:/work-space/repository/org/springframework/spring-expression/4.2.3.RELEASE/spring-expression-4.2.3.RELEASE.jar, file:/D:/work-space/repository/org/springframework/spring-core/4.2.3.RELEASE/spring-core-4.2.3.RELEASE.jar, file:/D:/work-space/repository/io/springfox/springfox-swagger2/2.2.2/springfox-swagger2-2.2.2.jar, file:/D:/work-space/repository/org/mapstruct/mapstruct/1.0.0.CR1/mapstruct-1.0.0.CR1.jar, file:/D:/work-space/repository/io/swagger/swagger-annotations/1.5.3/swagger-annotations-1.5.3.jar, file:/D:/work-space/repository/io/swagger/swagger-models/1.5.3/swagger-models-1.5.3.jar, file:/D:/work-space/repository/io/springfox/springfox-spi/2.2.2/springfox-spi-2.2.2.jar, file:/D:/work-space/repository/io/springfox/springfox-core/2.2.2/springfox-core-2.2.2.jar, file:/D:/work-space/repository/io/springfox/springfox-schema/2.2.2/springfox-schema-2.2.2.jar, file:/D:/work-space/repository/io/springfox/springfox-swagger-common/2.2.2/springfox-swagger-common-2.2.2.jar, file:/D:/work-space/repository/io/springfox/springfox-spring-web/2.2.2/springfox-spring-web-2.2.2.jar, file:/D:/work-space/repository/com/google/guava/guava/18.0/guava-18.0.jar, file:/D:/work-space/repository/com/fasterxml/classmate/1.2.0/classmate-1.2.0.jar, file:/D:/work-space/repository/org/slf4j/slf4j-api/1.7.13/slf4j-api-1.7.13.jar, file:/D:/work-space/repository/org/aspectj/aspectjrt/1.8.7/aspectjrt-1.8.7.jar, file:/D:/work-space/repository/org/aspectj/aspectjweaver/1.8.7/aspectjweaver-1.8.7.jar, file:/D:/work-space/repository/org/springframework/plugin/spring-plugin-core/1.2.0.RELEASE/spring-plugin-core-1.2.0.RELEASE.jar, file:/D:/work-space/repository/org/springframework/plugin/spring-plugin-metadata/1.2.0.RELEASE/spring-plugin-metadata-1.2.0.RELEASE.jar, file:/D:/work-space/repository/org/springframework/hateoas/spring-hateoas/0.19.0.RELEASE/spring-hateoas-0.19.0.RELEASE.jar, file:/D:/work-space/repository/io/springfox/springfox-swagger-ui/2.2.2/springfox-swagger-ui-2.2.2.jar]
2017-04-19 10:56:04.395 ERROR 6028 --- [main] o.s.boot.SpringApplication               : Application startup failed

org.springframework.beans.factory.BeanDefinitionStoreException: Failed to read candidate component class: URL [jar:file:/D:/work-space/repository/org/springframework/boot/spring-boot-autoconfigure/1.3.0.RELEASE/spring-boot-autoconfigure-1.3.0.RELEASE.jar!/org/springframework/boot/autoconfigure/jdbc/DataSourceAutoConfiguration$JdbcTemplateConfiguration.class]; nested exception is java.lang.IllegalStateException: Could not evaluate condition on org.springframework.boot.autoconfigure.jdbc.DataSourceAutoConfiguration$JdbcTemplateConfiguration due to internal class not found. This can happen if you are @ComponentScanning a springframework package (e.g. if you put a @ComponentScan in the default package by mistake)
	at org.springframework.context.annotation.ClassPathScanningCandidateComponentProvider.findCandidateComponents(ClassPathScanningCandidateComponentProvider.java:303) ~[spring-context-4.2.3.RELEASE.jar:4.2.3.RELEASE]
	at org.springframework.context.annotation.ClassPathBeanDefinitionScanner.doScan(ClassPathBeanDefinitionScanner.java:248) ~[spring-context-4.2.3.RELEASE.jar:4.2.3.RELEASE]
	at org.springframework.context.annotation.ComponentScanAnnotationParser.parse(ComponentScanAnnotationParser.java:137) ~[spring-context-4.2.3.RELEASE.jar:4.2.3.RELEASE]
	at org.springframework.context.annotation.ConfigurationClassParser.doProcessConfigurationClass(ConfigurationClassParser.java:267) ~[spring-context-4.2.3.RELEASE.jar:4.2.3.RELEASE]
	at org.springframework.context.annotation.ConfigurationClassParser.processConfigurationClass(ConfigurationClassParser.java:231) ~[spring-context-4.2.3.RELEASE.jar:4.2.3.RELEASE]
	at org.springframework.context.annotation.ConfigurationClassParser.parse(ConfigurationClassParser.java:198) ~[spring-context-4.2.3.RELEASE.jar:4.2.3.RELEASE]
	at org.springframework.context.annotation.ConfigurationClassParser.parse(ConfigurationClassParser.java:167) ~[spring-context-4.2.3.RELEASE.jar:4.2.3.RELEASE]
	at org.springframework.context.annotation.ConfigurationClassPostProcessor.processConfigBeanDefinitions(ConfigurationClassPostProcessor.java:321) ~[spring-context-4.2.3.RELEASE.jar:4.2.3.RELEASE]
	at org.springframework.context.annotation.ConfigurationClassPostProcessor.postProcessBeanDefinitionRegistry(ConfigurationClassPostProcessor.java:243) ~[spring-context-4.2.3.RELEASE.jar:4.2.3.RELEASE]
	at org.springframework.context.support.PostProcessorRegistrationDelegate.invokeBeanDefinitionRegistryPostProcessors(PostProcessorRegistrationDelegate.java:273) ~[spring-context-4.2.3.RELEASE.jar:4.2.3.RELEASE]
	at org.springframework.context.support.PostProcessorRegistrationDelegate.invokeBeanFactoryPostProcessors(PostProcessorRegistrationDelegate.java:98) ~[spring-context-4.2.3.RELEASE.jar:4.2.3.RELEASE]
	at org.springframework.context.support.AbstractApplicationContext.invokeBeanFactoryPostProcessors(AbstractApplicationContext.java:677) ~[spring-context-4.2.3.RELEASE.jar:4.2.3.RELEASE]
	at org.springframework.context.support.AbstractApplicationContext.refresh(AbstractApplicationContext.java:519) ~[spring-context-4.2.3.RELEASE.jar:4.2.3.RELEASE]
	at org.springframework.boot.context.embedded.EmbeddedWebApplicationContext.refresh(EmbeddedWebApplicationContext.java:118) ~[spring-boot-1.3.0.RELEASE.jar:1.3.0.RELEASE]
	at org.springframework.boot.SpringApplication.refresh(SpringApplication.java:752) [spring-boot-1.3.0.RELEASE.jar:1.3.0.RELEASE]
	at org.springframework.boot.SpringApplication.doRun(SpringApplication.java:347) [spring-boot-1.3.0.RELEASE.jar:1.3.0.RELEASE]
	at org.springframework.boot.SpringApplication.run(SpringApplication.java:295) [spring-boot-1.3.0.RELEASE.jar:1.3.0.RELEASE]
	at org.springframework.boot.SpringApplication.run(SpringApplication.java:1112) [spring-boot-1.3.0.RELEASE.jar:1.3.0.RELEASE]
	at org.springframework.boot.SpringApplication.run(SpringApplication.java:1101) [spring-boot-1.3.0.RELEASE.jar:1.3.0.RELEASE]
	at Application.main(Application.java:36) [classes/:na]
Caused by: java.lang.IllegalStateException: Could not evaluate condition on org.springframework.boot.autoconfigure.jdbc.DataSourceAutoConfiguration$JdbcTemplateConfiguration due to internal class not found. This can happen if you are @ComponentScanning a springframework package (e.g. if you put a @ComponentScan in the default package by mistake)
	at org.springframework.boot.autoconfigure.condition.SpringBootCondition.matches(SpringBootCondition.java:53) ~[spring-boot-autoconfigure-1.3.0.RELEASE.jar:1.3.0.RELEASE]
	at org.springframework.context.annotation.ConditionEvaluator.shouldSkip(ConditionEvaluator.java:102) ~[spring-context-4.2.3.RELEASE.jar:4.2.3.RELEASE]
	at org.springframework.context.annotation.ConditionEvaluator.shouldSkip(ConditionEvaluator.java:81) ~[spring-context-4.2.3.RELEASE.jar:4.2.3.RELEASE]
	at org.springframework.context.annotation.ConditionEvaluator.shouldSkip(ConditionEvaluator.java:64) ~[spring-context-4.2.3.RELEASE.jar:4.2.3.RELEASE]
	at org.springframework.context.annotation.ClassPathScanningCandidateComponentProvider.isConditionMatch(ClassPathScanningCandidateComponentProvider.java:363) ~[spring-context-4.2.3.RELEASE.jar:4.2.3.RELEASE]
	at org.springframework.context.annotation.ClassPathScanningCandidateComponentProvider.isCandidateComponent(ClassPathScanningCandidateComponentProvider.java:347) ~[spring-context-4.2.3.RELEASE.jar:4.2.3.RELEASE]
	at org.springframework.context.annotation.ClassPathScanningCandidateComponentProvider.findCandidateComponents(ClassPathScanningCandidateComponentProvider.java:280) ~[spring-context-4.2.3.RELEASE.jar:4.2.3.RELEASE]
	... 19 common frames omitted
Caused by: java.lang.NoClassDefFoundError: org/springframework/dao/DataAccessException
	at org.springframework.boot.autoconfigure.jdbc.DataSourceAutoConfiguration$EmbeddedDataSourceCondition.getMatchOutcome(DataSourceAutoConfiguration.java:216) ~[spring-boot-autoconfigure-1.3.0.RELEASE.jar:1.3.0.RELEASE]
	at org.springframework.boot.autoconfigure.condition.SpringBootCondition.matches(SpringBootCondition.java:152) ~[spring-boot-autoconfigure-1.3.0.RELEASE.jar:1.3.0.RELEASE]
	at org.springframework.boot.autoconfigure.condition.SpringBootCondition.anyMatches(SpringBootCondition.java:135) ~[spring-boot-autoconfigure-1.3.0.RELEASE.jar:1.3.0.RELEASE]
	at org.springframework.boot.autoconfigure.jdbc.DataSourceAutoConfiguration$DataSourceAvailableCondition.getMatchOutcome(DataSourceAutoConfiguration.java:244) ~[spring-boot-autoconfigure-1.3.0.RELEASE.jar:1.3.0.RELEASE]
	at org.springframework.boot.autoconfigure.condition.SpringBootCondition.matches(SpringBootCondition.java:47) ~[spring-boot-autoconfigure-1.3.0.RELEASE.jar:1.3.0.RELEASE]
	... 25 common frames omitted
Caused by: java.lang.ClassNotFoundException: org.springframework.dao.DataAccessException
	at java.net.URLClassLoader.findClass(URLClassLoader.java:381) ~[na:1.8.0_121]
	at java.lang.ClassLoader.loadClass(ClassLoader.java:424) ~[na:1.8.0_121]
	at sun.misc.Launcher$AppClassLoader.loadClass(Launcher.java:331) ~[na:1.8.0_121]
	at java.lang.ClassLoader.loadClass(ClassLoader.java:357) ~[na:1.8.0_121]
	... 30 common frames omitted

2017-04-19 10:57:46.496  INFO 8436 --- [main] com.Application                          : Starting Application on DESKTOP-180I6SH with PID 8436 (D:\work-space\java-workspace\springboot-1-1\target\classes started by xialeme in D:\work-space\java-workspace\springboot-1-1)
2017-04-19 10:57:46.499  INFO 8436 --- [main] com.Application                          : No profiles are active
2017-04-19 10:57:46.587  INFO 8436 --- [main] ationConfigEmbeddedWebApplicationContext : Refreshing org.springframework.boot.context.embedded.AnnotationConfigEmbeddedWebApplicationContext@27fe3806: startup date [Wed Apr 19 10:57:46 CST 2017]; root of context hierarchy
2017-04-19 10:57:48.173  INFO 8436 --- [main] o.s.b.f.s.DefaultListableBeanFactory     : Overriding bean definition for bean 'beanNameViewResolver' with a different definition: replacing [Root bean: class [null]; scope=; abstract=false; lazyInit=false; autowireMode=3; dependencyCheck=0; autowireCandidate=true; primary=false; factoryBeanName=org.springframework.boot.autoconfigure.web.ErrorMvcAutoConfiguration$WhitelabelErrorViewConfiguration; factoryMethodName=beanNameViewResolver; initMethodName=null; destroyMethodName=(inferred); defined in class path resource [org/springframework/boot/autoconfigure/web/ErrorMvcAutoConfiguration$WhitelabelErrorViewConfiguration.class]] with [Root bean: class [null]; scope=; abstract=false; lazyInit=false; autowireMode=3; dependencyCheck=0; autowireCandidate=true; primary=false; factoryBeanName=org.springframework.boot.autoconfigure.web.WebMvcAutoConfiguration$WebMvcAutoConfigurationAdapter; factoryMethodName=beanNameViewResolver; initMethodName=null; destroyMethodName=(inferred); defined in class path resource [org/springframework/boot/autoconfigure/web/WebMvcAutoConfiguration$WebMvcAutoConfigurationAdapter.class]]
2017-04-19 10:57:49.103  INFO 8436 --- [main] s.b.c.e.t.TomcatEmbeddedServletContainer : Tomcat initialized with port(s): 8081 (http)
2017-04-19 10:57:49.117  INFO 8436 --- [main] o.apache.catalina.core.StandardService   : Starting service Tomcat
2017-04-19 10:57:49.118  INFO 8436 --- [main] org.apache.catalina.core.StandardEngine  : Starting Servlet Engine: Apache Tomcat/8.0.28
2017-04-19 10:57:49.244  INFO 8436 --- [localhost-startStop-1] o.a.c.c.C.[Tomcat].[localhost].[/]       : Initializing Spring embedded WebApplicationContext
2017-04-19 10:57:49.245  INFO 8436 --- [localhost-startStop-1] o.s.web.context.ContextLoader            : Root WebApplicationContext: initialization completed in 2675 ms
2017-04-19 10:57:49.580  INFO 8436 --- [localhost-startStop-1] o.s.b.c.e.ServletRegistrationBean        : Mapping servlet: 'dispatcherServlet' to [/]
2017-04-19 10:57:49.583  INFO 8436 --- [localhost-startStop-1] o.s.b.c.embedded.FilterRegistrationBean  : Mapping filter: 'characterEncodingFilter' to: [/*]
2017-04-19 10:57:49.584  INFO 8436 --- [localhost-startStop-1] o.s.b.c.embedded.FilterRegistrationBean  : Mapping filter: 'hiddenHttpMethodFilter' to: [/*]
2017-04-19 10:57:49.584  INFO 8436 --- [localhost-startStop-1] o.s.b.c.embedded.FilterRegistrationBean  : Mapping filter: 'httpPutFormContentFilter' to: [/*]
2017-04-19 10:57:49.584  INFO 8436 --- [localhost-startStop-1] o.s.b.c.embedded.FilterRegistrationBean  : Mapping filter: 'requestContextFilter' to: [/*]
2017-04-19 10:57:49.829  INFO 8436 --- [main] s.w.s.m.m.a.RequestMappingHandlerAdapter : Looking for @ControllerAdvice: org.springframework.boot.context.embedded.AnnotationConfigEmbeddedWebApplicationContext@27fe3806: startup date [Wed Apr 19 10:57:46 CST 2017]; root of context hierarchy
2017-04-19 10:57:49.893  INFO 8436 --- [main] s.w.s.m.m.a.RequestMappingHandlerMapping : Mapped "{[/]}" onto java.lang.String com.Application.home()
2017-04-19 10:57:49.895  INFO 8436 --- [main] s.w.s.m.m.a.RequestMappingHandlerMapping : Mapped "{[/city]}" onto java.lang.String com.Application.city(java.lang.String)
2017-04-19 10:57:49.896  INFO 8436 --- [main] s.w.s.m.m.a.RequestMappingHandlerMapping : Mapped "{[/error]}" onto public org.springframework.http.ResponseEntity<java.util.Map<java.lang.String, java.lang.Object>> org.springframework.boot.autoconfigure.web.BasicErrorController.error(javax.servlet.http.HttpServletRequest)
2017-04-19 10:57:49.897  INFO 8436 --- [main] s.w.s.m.m.a.RequestMappingHandlerMapping : Mapped "{[/error],produces=[text/html]}" onto public org.springframework.web.servlet.ModelAndView org.springframework.boot.autoconfigure.web.BasicErrorController.errorHtml(javax.servlet.http.HttpServletRequest)
2017-04-19 10:57:49.921  INFO 8436 --- [main] o.s.w.s.handler.SimpleUrlHandlerMapping  : Mapped URL path [/webjars/**] onto handler of type [class org.springframework.web.servlet.resource.ResourceHttpRequestHandler]
2017-04-19 10:57:49.922  INFO 8436 --- [main] o.s.w.s.handler.SimpleUrlHandlerMapping  : Mapped URL path [/**] onto handler of type [class org.springframework.web.servlet.resource.ResourceHttpRequestHandler]
2017-04-19 10:57:49.959  INFO 8436 --- [main] o.s.w.s.handler.SimpleUrlHandlerMapping  : Mapped URL path [/**/favicon.ico] onto handler of type [class org.springframework.web.servlet.resource.ResourceHttpRequestHandler]
2017-04-19 10:57:50.095  INFO 8436 --- [main] o.s.j.e.a.AnnotationMBeanExporter        : Registering beans for JMX exposure on startup
2017-04-19 10:57:50.159  INFO 8436 --- [main] s.b.c.e.t.TomcatEmbeddedServletContainer : Tomcat started on port(s): 8081 (http)
2017-04-19 10:57:50.165  INFO 8436 --- [main] com.Application                          : Started Application in 4.009 seconds (JVM running for 4.503)
2017-04-19 10:58:04.457  INFO 8436 --- [http-nio-8081-exec-1] o.a.c.c.C.[Tomcat].[localhost].[/]       : Initializing Spring FrameworkServlet 'dispatcherServlet'
2017-04-19 10:58:04.458  INFO 8436 --- [http-nio-8081-exec-1] o.s.web.servlet.DispatcherServlet        : FrameworkServlet 'dispatcherServlet': initialization started
2017-04-19 10:58:04.476  INFO 8436 --- [http-nio-8081-exec-1] o.s.web.servlet.DispatcherServlet        : FrameworkServlet 'dispatcherServlet': initialization completed in 18 ms
2017-04-19 10:59:16.371  INFO 3440 --- [main] com.Application                          : Starting Application on DESKTOP-180I6SH with PID 3440 (D:\work-space\java-workspace\springboot-1-1\target\classes started by xialeme in D:\work-space\java-workspace\springboot-1-1)
2017-04-19 10:59:16.374  INFO 3440 --- [main] com.Application                          : No profiles are active
2017-04-19 10:59:16.481  INFO 3440 --- [main] ationConfigEmbeddedWebApplicationContext : Refreshing org.springframework.boot.context.embedded.AnnotationConfigEmbeddedWebApplicationContext@27fe3806: startup date [Wed Apr 19 10:59:16 CST 2017]; root of context hierarchy
2017-04-19 10:59:18.291  INFO 3440 --- [main] o.s.b.f.s.DefaultListableBeanFactory     : Overriding bean definition for bean 'beanNameViewResolver' with a different definition: replacing [Root bean: class [null]; scope=; abstract=false; lazyInit=false; autowireMode=3; dependencyCheck=0; autowireCandidate=true; primary=false; factoryBeanName=org.springframework.boot.autoconfigure.web.ErrorMvcAutoConfiguration$WhitelabelErrorViewConfiguration; factoryMethodName=beanNameViewResolver; initMethodName=null; destroyMethodName=(inferred); defined in class path resource [org/springframework/boot/autoconfigure/web/ErrorMvcAutoConfiguration$WhitelabelErrorViewConfiguration.class]] with [Root bean: class [null]; scope=; abstract=false; lazyInit=false; autowireMode=3; dependencyCheck=0; autowireCandidate=true; primary=false; factoryBeanName=org.springframework.boot.autoconfigure.web.WebMvcAutoConfiguration$WebMvcAutoConfigurationAdapter; factoryMethodName=beanNameViewResolver; initMethodName=null; destroyMethodName=(inferred); defined in class path resource [org/springframework/boot/autoconfigure/web/WebMvcAutoConfiguration$WebMvcAutoConfigurationAdapter.class]]
2017-04-19 10:59:19.417  INFO 3440 --- [main] s.b.c.e.t.TomcatEmbeddedServletContainer : Tomcat initialized with port(s): 8081 (http)
2017-04-19 10:59:19.430  INFO 3440 --- [main] o.apache.catalina.core.StandardService   : Starting service Tomcat
2017-04-19 10:59:19.432  INFO 3440 --- [main] org.apache.catalina.core.StandardEngine  : Starting Servlet Engine: Apache Tomcat/8.0.28
2017-04-19 10:59:19.592  INFO 3440 --- [localhost-startStop-1] o.a.c.c.C.[Tomcat].[localhost].[/]       : Initializing Spring embedded WebApplicationContext
2017-04-19 10:59:19.592  INFO 3440 --- [localhost-startStop-1] o.s.web.context.ContextLoader            : Root WebApplicationContext: initialization completed in 3116 ms
2017-04-19 10:59:19.979  INFO 3440 --- [localhost-startStop-1] o.s.b.c.e.ServletRegistrationBean        : Mapping servlet: 'dispatcherServlet' to [/]
2017-04-19 10:59:19.991  INFO 3440 --- [localhost-startStop-1] o.s.b.c.embedded.FilterRegistrationBean  : Mapping filter: 'characterEncodingFilter' to: [/*]
2017-04-19 10:59:19.993  INFO 3440 --- [localhost-startStop-1] o.s.b.c.embedded.FilterRegistrationBean  : Mapping filter: 'hiddenHttpMethodFilter' to: [/*]
2017-04-19 10:59:19.994  INFO 3440 --- [localhost-startStop-1] o.s.b.c.embedded.FilterRegistrationBean  : Mapping filter: 'httpPutFormContentFilter' to: [/*]
2017-04-19 10:59:20.004  INFO 3440 --- [localhost-startStop-1] o.s.b.c.embedded.FilterRegistrationBean  : Mapping filter: 'requestContextFilter' to: [/*]
2017-04-19 10:59:20.771  INFO 3440 --- [main] s.w.s.m.m.a.RequestMappingHandlerMapping : Mapped "{[/]}" onto java.lang.String com.Application.home()
2017-04-19 10:59:20.773  INFO 3440 --- [main] s.w.s.m.m.a.RequestMappingHandlerMapping : Mapped "{[/city]}" onto java.lang.String com.Application.city(java.lang.String)
2017-04-19 10:59:20.774  INFO 3440 --- [main] s.w.s.m.m.a.RequestMappingHandlerMapping : Mapped "{[/v2/api-docs],methods=[GET]}" onto public org.springframework.http.ResponseEntity<springfox.documentation.spring.web.json.Json> springfox.documentation.swagger2.web.Swagger2Controller.getDocumentation(java.lang.String)
2017-04-19 10:59:20.777  INFO 3440 --- [main] s.w.s.m.m.a.RequestMappingHandlerMapping : Mapped "{[/configuration/ui]}" onto org.springframework.http.ResponseEntity<springfox.documentation.swagger.web.UiConfiguration> springfox.documentation.swagger.web.ApiResourceController.uiConfiguration()
2017-04-19 10:59:20.777  INFO 3440 --- [main] s.w.s.m.m.a.RequestMappingHandlerMapping : Mapped "{[/swagger-resources]}" onto org.springframework.http.ResponseEntity<java.util.List<springfox.documentation.swagger.web.SwaggerResource>> springfox.documentation.swagger.web.ApiResourceController.swaggerResources()
2017-04-19 10:59:20.778  INFO 3440 --- [main] s.w.s.m.m.a.RequestMappingHandlerMapping : Mapped "{[/configuration/security]}" onto org.springframework.http.ResponseEntity<springfox.documentation.swagger.web.SecurityConfiguration> springfox.documentation.swagger.web.ApiResourceController.securityConfiguration()
2017-04-19 10:59:20.780  INFO 3440 --- [main] s.w.s.m.m.a.RequestMappingHandlerMapping : Mapped "{[/error]}" onto public org.springframework.http.ResponseEntity<java.util.Map<java.lang.String, java.lang.Object>> org.springframework.boot.autoconfigure.web.BasicErrorController.error(javax.servlet.http.HttpServletRequest)
2017-04-19 10:59:20.781  INFO 3440 --- [main] s.w.s.m.m.a.RequestMappingHandlerMapping : Mapped "{[/error],produces=[text/html]}" onto public org.springframework.web.servlet.ModelAndView org.springframework.boot.autoconfigure.web.BasicErrorController.errorHtml(javax.servlet.http.HttpServletRequest)
2017-04-19 10:59:21.001  INFO 3440 --- [main] s.w.s.m.m.a.RequestMappingHandlerAdapter : Looking for @ControllerAdvice: org.springframework.boot.context.embedded.AnnotationConfigEmbeddedWebApplicationContext@27fe3806: startup date [Wed Apr 19 10:59:16 CST 2017]; root of context hierarchy
2017-04-19 10:59:21.057  INFO 3440 --- [main] o.s.w.s.handler.SimpleUrlHandlerMapping  : Mapped URL path [/webjars/**] onto handler of type [class org.springframework.web.servlet.resource.ResourceHttpRequestHandler]
2017-04-19 10:59:21.057  INFO 3440 --- [main] o.s.w.s.handler.SimpleUrlHandlerMapping  : Mapped URL path [/**] onto handler of type [class org.springframework.web.servlet.resource.ResourceHttpRequestHandler]
2017-04-19 10:59:21.097  INFO 3440 --- [main] o.s.w.s.handler.SimpleUrlHandlerMapping  : Mapped URL path [/**/favicon.ico] onto handler of type [class org.springframework.web.servlet.resource.ResourceHttpRequestHandler]
2017-04-19 10:59:21.244  INFO 3440 --- [main] o.s.j.e.a.AnnotationMBeanExporter        : Registering beans for JMX exposure on startup
2017-04-19 10:59:21.254  INFO 3440 --- [main] d.s.w.p.DocumentationPluginsBootstrapper : Context refreshed
2017-04-19 10:59:21.277  INFO 3440 --- [main] d.s.w.p.DocumentationPluginsBootstrapper : Found {0} custom documentation plugin(s)
2017-04-19 10:59:21.286  INFO 3440 --- [main] s.d.s.w.s.ApiListingReferenceScanner     : Scanning for api listing references
2017-04-19 10:59:21.292  INFO 3440 --- [main] s.w.ClassOrApiAnnotationResourceGrouping : Group for method home was springboot服务
2017-04-19 10:59:21.295  INFO 3440 --- [main] s.d.s.w.s.ApiListingReferenceScanner     : Request mapping: home belongs to groups: [[ResourceGroup{groupName='springboot服务', position=0, controller=com.Application}]] 
2017-04-19 10:59:21.297  INFO 3440 --- [main] s.w.ClassOrApiAnnotationResourceGrouping : Group for method city was springboot服务
2017-04-19 10:59:21.297  INFO 3440 --- [main] s.d.s.w.s.ApiListingReferenceScanner     : Request mapping: city belongs to groups: [[ResourceGroup{groupName='springboot服务', position=0, controller=com.Application}]] 
2017-04-19 10:59:21.301  INFO 3440 --- [main] s.d.s.w.s.ApiListingReferenceScanner     : Created resource listing Path: /default/springboot服务 Description: springboot服务 Position: 0
2017-04-19 10:59:21.321  INFO 3440 --- [main] s.d.schema.ModelContextKeyGenerator      : Cache Key Generated: java.lang.String(true)
2017-04-19 10:59:21.321  INFO 3440 --- [main] s.d.spring.web.caching.CachingAspect     : Caching aspect applied for cache models with key java.lang.String(true)
2017-04-19 10:59:21.326  INFO 3440 --- [main] s.d.schema.ModelContextKeyGenerator      : Cache Key Generated: java.lang.String(true)
2017-04-19 10:59:21.326  INFO 3440 --- [main] s.d.spring.web.caching.CachingAspect     : Caching aspect applied for cache modelDependencies with key java.lang.String(true)
2017-04-19 10:59:21.336  INFO 3440 --- [main] s.d.spring.web.OperationsKeyGenerator    : Cache key generated: /city.com.Application.city.DefaultGenericTypeNamingStrategy
2017-04-19 10:59:21.336  INFO 3440 --- [main] s.d.spring.web.caching.CachingAspect     : Caching aspect applied for cache operations with key /city.com.Application.city.DefaultGenericTypeNamingStrategy
2017-04-19 10:59:21.357  INFO 3440 --- [main] s.w.ClassOrApiAnnotationResourceGrouping : Group for method city was springboot服务
2017-04-19 10:59:21.381  INFO 3440 --- [main] s.w.ClassOrApiAnnotationResourceGrouping : Group for method city was springboot服务
2017-04-19 10:59:21.389  INFO 3440 --- [main] s.w.ClassOrApiAnnotationResourceGrouping : Group for method city was springboot服务
2017-04-19 10:59:21.393  INFO 3440 --- [main] s.w.ClassOrApiAnnotationResourceGrouping : Group for method city was springboot服务
2017-04-19 10:59:21.395  INFO 3440 --- [main] s.w.ClassOrApiAnnotationResourceGrouping : Group for method city was springboot服务
2017-04-19 10:59:21.402  INFO 3440 --- [main] s.w.ClassOrApiAnnotationResourceGrouping : Group for method city was springboot服务
2017-04-19 10:59:21.404  INFO 3440 --- [main] s.w.ClassOrApiAnnotationResourceGrouping : Group for method city was springboot服务
2017-04-19 10:59:21.406  INFO 3440 --- [main] s.w.ClassOrApiAnnotationResourceGrouping : Group for method city was springboot服务
2017-04-19 10:59:21.411  INFO 3440 --- [main] s.w.ClassOrApiAnnotationResourceGrouping : Group for method city was springboot服务
2017-04-19 10:59:21.414  INFO 3440 --- [main] s.w.ClassOrApiAnnotationResourceGrouping : Group for method city was springboot服务
2017-04-19 10:59:21.416  INFO 3440 --- [main] s.w.ClassOrApiAnnotationResourceGrouping : Group for method city was springboot服务
2017-04-19 10:59:21.418  INFO 3440 --- [main] s.w.ClassOrApiAnnotationResourceGrouping : Group for method city was springboot服务
2017-04-19 10:59:21.421  INFO 3440 --- [main] s.w.ClassOrApiAnnotationResourceGrouping : Group for method city was springboot服务
2017-04-19 10:59:21.424  INFO 3440 --- [main] s.w.ClassOrApiAnnotationResourceGrouping : Group for method city was springboot服务
2017-04-19 10:59:21.429  INFO 3440 --- [main] s.w.ClassOrApiAnnotationResourceGrouping : Group for method city was springboot服务
2017-04-19 10:59:21.432  INFO 3440 --- [main] s.w.ClassOrApiAnnotationResourceGrouping : Group for method city was springboot服务
2017-04-19 10:59:21.437  INFO 3440 --- [main] s.d.schema.ModelContextKeyGenerator      : Cache Key Generated: java.lang.String(true)
2017-04-19 10:59:21.437  INFO 3440 --- [main] s.d.spring.web.caching.CachingAspect     : Caching aspect applied for cache models with key java.lang.String(true)
2017-04-19 10:59:21.438  INFO 3440 --- [main] s.d.schema.ModelContextKeyGenerator      : Cache Key Generated: java.lang.String(true)
2017-04-19 10:59:21.438  INFO 3440 --- [main] s.d.spring.web.caching.CachingAspect     : Caching aspect applied for cache modelDependencies with key java.lang.String(true)
2017-04-19 10:59:21.438  INFO 3440 --- [main] s.d.spring.web.OperationsKeyGenerator    : Cache key generated: /.com.Application.home.DefaultGenericTypeNamingStrategy
2017-04-19 10:59:21.438  INFO 3440 --- [main] s.d.spring.web.caching.CachingAspect     : Caching aspect applied for cache operations with key /.com.Application.home.DefaultGenericTypeNamingStrategy
2017-04-19 10:59:21.439  INFO 3440 --- [main] s.w.ClassOrApiAnnotationResourceGrouping : Group for method home was springboot服务
2017-04-19 10:59:21.440  INFO 3440 --- [main] s.w.ClassOrApiAnnotationResourceGrouping : Group for method home was springboot服务
2017-04-19 10:59:21.441  INFO 3440 --- [main] s.w.ClassOrApiAnnotationResourceGrouping : Group for method home was springboot服务
2017-04-19 10:59:21.442  INFO 3440 --- [main] s.w.ClassOrApiAnnotationResourceGrouping : Group for method home was springboot服务
2017-04-19 10:59:21.443  INFO 3440 --- [main] s.w.ClassOrApiAnnotationResourceGrouping : Group for method home was springboot服务
2017-04-19 10:59:21.443  INFO 3440 --- [main] s.w.ClassOrApiAnnotationResourceGrouping : Group for method home was springboot服务
2017-04-19 10:59:21.445  INFO 3440 --- [main] s.w.ClassOrApiAnnotationResourceGrouping : Group for method home was springboot服务
2017-04-19 10:59:21.446  INFO 3440 --- [main] s.w.ClassOrApiAnnotationResourceGrouping : Group for method home was springboot服务
2017-04-19 10:59:21.448  INFO 3440 --- [main] s.w.ClassOrApiAnnotationResourceGrouping : Group for method home was springboot服务
2017-04-19 10:59:21.449  INFO 3440 --- [main] s.w.ClassOrApiAnnotationResourceGrouping : Group for method home was springboot服务
2017-04-19 10:59:21.451  INFO 3440 --- [main] s.w.ClassOrApiAnnotationResourceGrouping : Group for method home was springboot服务
2017-04-19 10:59:21.452  INFO 3440 --- [main] s.w.ClassOrApiAnnotationResourceGrouping : Group for method home was springboot服务
2017-04-19 10:59:21.454  INFO 3440 --- [main] s.w.ClassOrApiAnnotationResourceGrouping : Group for method home was springboot服务
2017-04-19 10:59:21.455  INFO 3440 --- [main] s.w.ClassOrApiAnnotationResourceGrouping : Group for method home was springboot服务
2017-04-19 10:59:21.456  INFO 3440 --- [main] s.w.ClassOrApiAnnotationResourceGrouping : Group for method home was springboot服务
2017-04-19 10:59:21.457  INFO 3440 --- [main] s.w.ClassOrApiAnnotationResourceGrouping : Group for method home was springboot服务
2017-04-19 10:59:21.540  INFO 3440 --- [main] s.b.c.e.t.TomcatEmbeddedServletContainer : Tomcat started on port(s): 8081 (http)
2017-04-19 10:59:21.545  INFO 3440 --- [main] com.Application                          : Started Application in 5.537 seconds (JVM running for 5.95)
2017-04-19 10:59:25.982  INFO 3440 --- [http-nio-8081-exec-1] o.a.c.c.C.[Tomcat].[localhost].[/]       : Initializing Spring FrameworkServlet 'dispatcherServlet'
2017-04-19 10:59:25.982  INFO 3440 --- [http-nio-8081-exec-1] o.s.web.servlet.DispatcherServlet        : FrameworkServlet 'dispatcherServlet': initialization started
2017-04-19 10:59:26.002  INFO 3440 --- [http-nio-8081-exec-1] o.s.web.servlet.DispatcherServlet        : FrameworkServlet 'dispatcherServlet': initialization completed in 20 ms
